<?xml version="1.0" encoding="UTF-8"?>
<!-- Generated by org.testng.reporters.JUnitReportReporter -->
<testsuite skipped="0" hostname="RSI1525" name="br.com.rsinet.hub.projetoAppiumTDD.test.PesquisaLupa" tests="2" failures="0" timestamp="2020-02-18T18:20:34 BRT" time="34.951" errors="0">
  <testcase name="Pesquisar_Produto_Pela_Barra_De_Pesquisa" time="22.766" classname="br.com.rsinet.hub.projetoAppiumTDD.test.PesquisaLupa"/>
  <system-out/>
  <testcase name="Pesquisar_Produto_Pela_Barra_De_Pesquisa_Inexistente" time="12.185" classname="br.com.rsinet.hub.projetoAppiumTDD.test.PesquisaLupa"/>
  <system-out/>
</testsuite> <!-- br.com.rsinet.hub.projetoAppiumTDD.test.PesquisaLupa -->
