<?xml version="1.0" encoding="UTF-8"?>
<!-- Generated by org.testng.reporters.JUnitReportReporter -->
<testsuite skipped="0" hostname="RSI1525" name="br.com.rsinet.hub.projetoAppiumTDD.test.Registro" tests="2" failures="0" timestamp="2020-02-14T13:20:50 BRT" time="126.472" errors="0">
  <testcase name="Cadastrar_Usuario_Ja_Existente" time="63.341" classname="br.com.rsinet.hub.projetoAppiumTDD.test.Registro"/>
  <system-out/>
  <testcase name="Cadastrar_Usuario" time="63.131" classname="br.com.rsinet.hub.projetoAppiumTDD.test.Registro"/>
  <system-out/>
</testsuite> <!-- br.com.rsinet.hub.projetoAppiumTDD.test.Registro -->
