<?xml version="1.0" encoding="UTF-8"?>
<!-- Generated by org.testng.reporters.JUnitReportReporter -->
<testsuite skipped="0" hostname="RSI1525" name="br.com.rsinet.hub.projetoAppiumTDD.test.PesquisaLupa" tests="2" failures="0" timestamp="2020-02-14T14:13:17 BRT" time="49.784" errors="0">
  <testcase name="Pesquisar_Produto_Pela_Barra_De_Pesquisa" time="30.729" classname="br.com.rsinet.hub.projetoAppiumTDD.test.PesquisaLupa"/>
  <system-out/>
  <testcase name="Pesquisar_Produto_Pela_Barra_De_Pesquisa_Inexistente" time="19.055" classname="br.com.rsinet.hub.projetoAppiumTDD.test.PesquisaLupa"/>
  <system-out/>
</testsuite> <!-- br.com.rsinet.hub.projetoAppiumTDD.test.PesquisaLupa -->
