<?xml version="1.0" encoding="UTF-8"?>
<!-- Generated by org.testng.reporters.JUnitReportReporter -->
<testsuite skipped="0" hostname="RSI1525" name="br.com.rsinet.hub.projetoAppiumTDD.test.PesquisaHome" tests="2" failures="0" timestamp="2020-02-14T14:11:47 BRT" time="48.305" errors="0">
  <testcase name="Pesquisar_Produto_Pela_Pagina_Inicial_Incorreto" time="25.717" classname="br.com.rsinet.hub.projetoAppiumTDD.test.PesquisaHome"/>
  <system-out/>
  <testcase name="Pesquisar_Produto_Pela_Pagina_Inicial_Existente" time="22.588" classname="br.com.rsinet.hub.projetoAppiumTDD.test.PesquisaHome"/>
  <system-out/>
</testsuite> <!-- br.com.rsinet.hub.projetoAppiumTDD.test.PesquisaHome -->
