<?xml version="1.0" encoding="UTF-8"?>
<!-- Generated by org.testng.reporters.JUnitReportReporter -->
<testsuite skipped="0" hostname="RSI1525" name="br.com.rsinet.hub.projetoAppiumTDD.test.PesquisaLupa" tests="2" failures="0" timestamp="2020-02-18T16:12:29 BRT" time="46.755" errors="0">
  <testcase name="Pesquisar_Produto_Pela_Barra_De_Pesquisa" time="31.096" classname="br.com.rsinet.hub.projetoAppiumTDD.test.PesquisaLupa"/>
  <system-out/>
  <testcase name="Pesquisar_Produto_Pela_Barra_De_Pesquisa_Inexistente" time="15.659" classname="br.com.rsinet.hub.projetoAppiumTDD.test.PesquisaLupa"/>
  <system-out/>
</testsuite> <!-- br.com.rsinet.hub.projetoAppiumTDD.test.PesquisaLupa -->
