<?xml version="1.0" encoding="UTF-8"?>
<!-- Generated by org.testng.reporters.JUnitReportReporter -->
<testsuite skipped="0" hostname="RSI1525" name="br.com.rsinet.hub.projetoAppiumTDD.test.PesquisaHome" tests="2" failures="0" timestamp="2020-02-18T18:20:34 BRT" time="33.158" errors="0">
  <testcase name="Pesquisar_Produto_Pela_Pagina_Inicial_Incorreto" time="16.303" classname="br.com.rsinet.hub.projetoAppiumTDD.test.PesquisaHome"/>
  <system-out/>
  <testcase name="Pesquisar_Produto_Pela_Pagina_Inicial_Existente" time="16.855" classname="br.com.rsinet.hub.projetoAppiumTDD.test.PesquisaHome"/>
  <system-out/>
</testsuite> <!-- br.com.rsinet.hub.projetoAppiumTDD.test.PesquisaHome -->
